2147485092 1570556811989492000
2147485561 1570556813904931000
2147483652 1570556805511897000
2147483730 1570556805870888000
2147484259 1570556808663855000
2147484622 1570556809738800000
2147484804 1570556810486680000
2147485050 1570556811608260000
2147485972 1570556815574461000
2147485404 1570556813434350000
2147485759 1570556814751456000
2147484030 1570556807573456000
2147484133 1570556808056951000
2147484607 1570556809729944000
2147484916 1570556810920532000
2147485192 1570556812551031000
2147485255 1570556812826801000
2147485833 1570556815184532000
2147485925 1570556815410013000
2147485927 1570556815438290000
2147483690 1570556805660722000
2147483830 1570556806386616000
2147483967 1570556807254156000
2147484492 1570556809384727000
2147484593 1570556809688521000
2147484938 1570556811020537000
2147484314 1570556808849153000
2147485414 1570556813439038000
2147485832 1570556815143359000
2147484332 1570556808891580000
2147484407 1570556809181751000
2147484560 1570556809567628000
2147485391 1570556813359790000
2147485490 1570556813681982000
2147485521 1570556813771029000
2147483970 1570556807283659000
2147484667 1570556809834955000
2147484774 1570556810334166000
2147484060 1570556807687169000
2147484186 1570556808253916000
2147484376 1570556809075401000
2147484635 1570556809778805000
2147485714 1570556814475096000
2147485720 1570556814515027000
2147484724 1570556810079666000
2147485159 1570556812377371000
2147485286 1570556812891661000
2147485478 1570556813633222000
2147485733 1570556814571912000
2147484175 1570556808241572000
2147484347 1570556808988053000
2147484493 1570556809385715000
2147484761 1570556810239899000
2147485969 1570556815572467000
2147484071 1570556807735986000
2147484676 1570556809896907000
2147485329 1570556813007966000
2147485492 1570556813684282000
2147485590 1570556813957415000
2147484099 1570556807822178000
2147484202 1570556808321599000
2147484339 1570556808978377000
2147485088 1570556811935658000
2147485653 1570556814268061000
2147485814 1570556815049138000
2147483794 1570556806184010000
2147485204 1570556812647663000
2147483706 1570556805756721000
2147483915 1570556806947755000
2147484054 1570556807625274000
2147484156 1570556808194566000
2147484751 1570556810233681000
2147484354 1570556809027531000
2147484728 1570556810132390000
2147485070 1570556811745636000
2147485729 1570556814570796000
2147484117 1570556807935987000
2147484284 1570556808716439000
2147484432 1570556809296344000
2147483941 1570556807100933000
2147484733 1570556810181575000
2147485793 1570556814841857000
2147485566 1570556813906878000
2147483903 1570556806855919000
2147484356 1570556809029600000
2147484390 1570556809116893000
2147484506 1570556809392780000
2147484517 1570556809401402000
2147485452 1570556813581630000
2147483682 1570556805613461000
2147485214 1570556812657030000
2147485771 1570556814755820000
2147485954 1570556815525995000
2147485974 1570556815575806000
2147483874 1570556806730853000
2147484971 1570556811071823000
2147484978 1570556811108582000
2147485056 1570556811652268000
2147485207 1570556812652027000
2147485811 1570556815043296000
2147483694 1570556805682652000
2147484059 1570556807686928000
2147485673 1570556814326349000
2147484660 1570556809831836000
2147485432 1570556813529863000
2147483661 1570556805525782000
2147483805 1570556806253230000
2147484207 1570556808355734000
2147484248 1570556808570699000
2147484380 1570556809078023000
2147484401 1570556809141713000
2147485580 1570556813952344000
2147485781 1570556814803607000
2147484796 1570556810436813000
2147485951 1570556815523250000
2147483684 1570556805618786000
2147483700 1570556805718682000
2147483750 1570556806034558000
2147483844 1570556806502760000
2147483912 1570556806942650000
2147484498 1570556809387749000
2147483884 1570556806736631000
2147484318 1570556808850991000
2147484461 1570556809315105000
2147485375 1570556813198129000
2147484057 1570556807655396000
2147485227 1570556812671258000
2147485431 1570556813529855000
2147484362 1570556809032970000
2147484743 1570556810188162000
2147485066 1570556811706547000
2147485287 1570556812892015000
2147485460 1570556813587243000
2147483753 1570556806035980000
2147483851 1570556806540174000
2147485084 1570556811846929000
2147485584 1570556813953925000
2147484341 1570556808983307000
2147485073 1570556811750346000
2147484035 1570556807579350000
2147484703 1570556809990309000
2147484758 1570556810237070000
2147485206 1570556812650391000
2147485494 1570556813685473000
2147485830 1570556815139408000
2147483852 1570556806540573000
2147483980 1570556807321488000
2147484465 1570556809317299000
2147484536 1570556809465692000
2147484858 1570556810769316000
2147484904 1570556810871640000
2147483882 1570556806735763000
2147484612 1570556809733740000
2147484646 1570556809785449000
2147484739 1570556810186664000
2147485799 1570556814902843000
2147484069 1570556807734169000
2147484626 1570556809775227000
2147485018 1570556811519275000
2147485687 1570556814394082000
2147485744 1570556814623299000
2147483837 1570556806425027000
2147484629 1570556809776324000
2147485280 1570556812888974000
2147485290 1570556812893371000
2147485956 1570556815528257000
2147484405 1570556809177431000
2147484693 1570556809948929000
2147485254 1570556812825997000
2147485694 1570556814399510000
2147483992 1570556807402296000
2147484245 1570556808569081000
2147484349 1570556808990233000
2147484545 1570556809514204000
2147485395 1570556813392931000
2147485453 1570556813583107000
2147483745 1570556806028593000
2147483848 1570556806536881000
2147483857 1570556806573415000
2147485060 1570556811655830000
2147485434 1570556813531708000
2147484427 1570556809256336000
2147483978 1570556807320114000
2147484620 1570556809737242000
2147484690 1570556809947562000
2147485427 1570556813492330000
2147485829 1570556815137250000
2147483693 1570556805681604000
2147485409 1570556813436923000
2147484350 1570556808990234000
2147485037 1570556811562024000
2147483716 1570556805800295000
2147484216 1570556808403130000
2147484223 1570556808438948000
2147485263 1570556812879490000
2147485328 1570556813007474000
2147484786 1570556810379732000
2147483935 1570556807055338000
2147484127 1570556807990818000
2147484723 1570556810079260000
2147485662 1570556814272568000
2147484711 1570556810038098000
2147484853 1570556810767156000
2147484918 1570556810920881000
2147485244 1570556812738326000
2147485968 1570556815572256000
2147485137 1570556812284352000
2147485285 1570556812891660000
2147485368 1570556813122793000
2147485378 1570556813244453000
2147485551 1570556813900120000
2147484211 1570556808372068000
2147485341 1570556813067689000
2147485477 1570556813632990000
2147485719 1570556814483322000
2147483929 1570556807025954000
2147484561 1570556809567942000
2147485370 1570556813123580000
2147485839 1570556815233911000
2147483678 1570556805607576000
2147484361 1570556809032300000
2147484496 1570556809386870000
2147485158 1570556812374440000
2147484387 1570556809115305000
2147485425 1570556813479305000
2147485828 1570556815136098000
2147484591 1570556809687707000
2147484636 1570556809779300000
2147485076 1570556811754331000
2147485652 1570556814267703000
2147485735 1570556814572642000
2147485900 1570556815348126000
2147483893 1570556806819699000
2147483946 1570556807110035000
2147484981 1570556811123326000
2147485205 1570556812649033000
2147485403 1570556813433432000
2147485824 1570556815132464000
2147483889 1570556806815358000
2147484435 1570556809298468000
2147484442 1570556809302521000
2147484866 1570556810807226000
2147485000 1570556811420763000
2147484319 1570556808851793000
2147484445 1570556809303876000
2147485096 1570556812004026000
2147485820 1570556815091367000
2147484142 1570556808102668000
2147485250 1570556812789090000
2147485488 1570556813680324000
2147484206 1570556808354953000
2147484548 1570556809520670000
2147484601 1570556809727571000
2147485155 1570556812371576000
2147485464 1570556813588875000
2147485256 1570556812827285000
2147485366 1570556813121770000
2147483712 1570556805795890000
2147483777 1570556806138863000
2147484007 1570556807473633000
2147484604 1570556809728996000
2147485082 1570556811842122000
2147485178 1570556812504458000
2147484675 1570556809896247000
2147484784 1570556810339729000
2147484891 1570556810861885000
2147485152 1570556812370624000
2147485543 1570556813859939000
2147485645 1570556814261304000
2147483752 1570556806035572000
2147484632 1570556809777853000
2147483987 1570556807354747000
2147484824 1570556810622080000
2147485385 1570556813355674000
2147483756 1570556806037778000
2147484246 1570556808569709000
2147484430 1570556809260992000
2147483818 1570556806350532000
2147483840 1570556806499938000
2147484896 1570556810864751000
2147485340 1570556813066492000
2147485347 1570556813071068000
2147483796 1570556806184779000
2147483892 1570556806818935000
2147483951 1570556807138630000
2147485112 1570556812173586000
2147485177 1570556812504132000
2147485410 1570556813437251000
2147483916 1570556806949632000
2147484290 1570556808718863000
2147484708 1570556810036087000
2147484846 1570556810713064000
2147485034 1570556811560544000
2147485165 1570556812463898000
2147485523 1570556813772025000
2147485553 1570556813900915000
2147485762 1570556814752795000
2147483669 1570556805565695000
2147484064 1570556807730912000
2147484392 1570556809117759000
2147484695 1570556809950299000
2147484920 1570556810921793000
2147485338 1570556813065602000
2147484208 1570556808356489000
2147484835 1570556810669559000
2147484893 1570556810862970000
2147485027 1570556811522908000
2147485457 1570556813586342000
2147485516 1570556813765372000
2147483657 1570556805515274000
2147484046 1570556807586974000
2147484265 1570556808666299000
2147484520 1570556809404388000
2147485215 1570556812657574000
2147485505 1570556813691869000
2147483767 1570556806130741000
2147485487 1570556813680141000
2147485682 1570556814360268000
2147485711 1570556814441852000
2147485039 1570556811598025000
2147485533 1570556813811370000
2147483731 1570556805870890000
2147484513 1570556809397805000
2147484581 1570556809681140000
2147484813 1570556810524392000
2147485377 1570556813244383000
2147485625 1570556814182881000
2147485664 1570556814273817000
2147485957 1570556815528999000
2147484090 1570556807785608000
2147484363 1570556809032971000
2147484420 1570556809188647000
2147484557 1570556809566494000
2147484930 1570556811010841000
2147485208 1570556812652492000
2147483720 1570556805805426000
2147483845 1570556806505729000
2147483945 1570556807104482000
2147485319 1570556812948627000
2147485503 1570556813691296000
2147485849 1570556815237726000
2147483768 1570556806131270000
2147484345 1570556808987253000
2147484455 1570556809310666000
2147484613 1570556809733741000
2147484634 1570556809778516000
2147485095 1570556812003618000
2147484148 1570556808107791000
2147484309 1570556808846610000
2147484386 1570556809114386000
2147484431 1570556809296343000
2147483846 1570556806534126000
2147484525 1570556809408992000
2147484606 1570556809729943000
2147484949 1570556811060944000
2147485587 1570556813956005000
2147483711 1570556805793992000
2147483871 1570556806724795000
2147484135 1570556808095013000
2147485659 1570556814270848000
2147485354 1570556813074263000
2147485581 1570556813952625000
2147484516 1570556809399318000
2147484877 1570556810820337000
2147484931 1570556811012301000
2147485121 1570556812218601000
2147485130 1570556812223283000
2147485331 1570556813011162000
2147485685 1570556814391773000
2147485943 1570556815473005000
2147485326 1570556812957247000
2147485544 1570556813860095000
2147483930 1570556807025955000
2147484316 1570556808850076000
2147484729 1570556810132938000
2147485612 1570556814129999000
2147485741 1570556814621773000
2147485782 1570556814804033000
2147484167 1570556808200858000
2147484278 1570556808711566000
2147484443 1570556809303063000
2147484705 1570556809991771000
2147485618 1570556814137401000
2147485823 1570556815092787000
2147485879 1570556815306152000
2147485145 1570556812365794000
2147485538 1570556813825673000
2147485909 1570556815374540000
2147484019 1570556807534616000
2147484521 1570556809406501000
2147484951 1570556811061847000
2147483734 1570556805957193000
2147483822 1570556806352327000
2147485435 1570556813532653000
2147485865 1570556815272547000
2147483809 1570556806286508000
2147483988 1570556807400525000
2147484966 1570556811069742000
2147485426 1570556813491403000
2147485705 1570556814439164000
2147484466 1570556809333222000
2147484913 1570556810918646000
2147485252 1570556812791036000
2147485333 1570556813063191000
2147485455 1570556813583375000
2147485577 1570556813950884000
2147484422 1570556809221201000
2147484597 1570556809723427000
2147485405 1570556813434357000
2147484017 1570556807533623000
2147484342 1570556808985638000
2147485473 1570556813628988000
2147485760 1570556814751826000
2147483917 1570556806950674000
2147484926 1570556810957870000
2147485602 1570556814014649000
2147485933 1570556815441557000
2147483725 1570556805840314000
2147483888 1570556806786261000
2147484160 1570556808197820000
2147484408 1570556809181752000
2147484815 1570556810578298000
2147485117 1570556812215692000
2147484020 1570556807534618000
2147484539 1570556809467258000
2147484658 1570556809831220000
2147485085 1570556811847089000
2147485739 1570556814620480000
2147485792 1570556814809256000
2147484157 1570556808194669000
2147484717 1570556810077039000
2147485483 1570556813678830000
2147485594 1570556813991488000
2147485732 1570556814571847000
2147485806 1570556815001592000
2147484713 1570556810074534000
2147484811 1570556810489534000
2147485731 1570556814571180000
2147485825 1570556815133005000
2147483674 1570556805569961000
2147484552 1570556809563489000
2147485104 1570556812166246000
2147484112 1570556807902683000
2147485610 1570556814094741000
2147485710 1570556814440842000
2147483900 1570556806850931000
2147484043 1570556807585205000
2147484657 1570556809828822000
2147484777 1570556810335410000
2147485399 1570556813431158000
2147485597 1570556813994785000
2147484547 1570556809514827000
2147485243 1570556812736919000
2147485265 1570556812880476000
2147485314 1570556812945053000
2147483803 1570556806221777000
2147484576 1570556809636644000
2147484919 1570556810921662000
2147485194 1570556812568637000
2147484125 1570556807974252000
2147484526 1570556809409526000
2147484617 1570556809735745000
2147485656 1570556814269247000
2147484375 1570556809074576000
2147484666 1570556809834954000
2147485721 1570556814515028000
2147483721 1570556805805915000
2147485484 1570556813678979000
2147483801 1570556806187246000
2147484826 1570556810622825000
2147485219 1570556812659780000
2147485873 1570556815303455000
2147484572 1570556809610957000
2147485304 1570556812902001000
2147483784 1570556806175244000
2147483839 1570556806469616000
2147484021 1570556807535078000
2147484178 1570556808247087000
2147484423 1570556809221914000
2147484491 1570556809384725000
2147485630 1570556814186902000
2147485861 1570556815266056000
2147484159 1570556808197387000
2147484410 1570556809184662000
2147485419 1570556813440826000
2147485522 1570556813771386000
2147485853 1570556815239108000
2147484260 1570556808664283000
2147484839 1570556810671739000
2147485724 1570556814568292000
2147485103 1570556812165719000
2147485125 1570556812220778000
2147484077 1570556807773583000
2147484150 1570556808144528000
2147484595 1570556809691787000
2147484679 1570556809899169000
2147484776 1570556810334945000
2147485057 1570556811652271000
2147485654 1570556814268363000
2147484428 1570556809260049000
2147484180 1570556808248807000
2147484262 1570556808665027000
2147484673 1570556809853510000
2147485697 1570556814433084000
2147483806 1570556806253406000
2147484072 1570556807736412000
2147485815 1570556815088054000
2147485932 1570556815440723000
2147483702 1570556805719845000
2147485470 1570556813626386000
2147483724 1570556805839976000
2147484868 1570556810808287000
2147485217 1570556812658403000
2147485230 1570556812682757000
2147485595 1570556813992310000
2147485730 1570556814571064000
2147483843 1570556806502759000
2147484210 1570556808356881000
2147484388 1570556809115631000
2147485562 1570556813905161000
2147483925 1570556806990908000
2147485353 1570556813073998000
2147485430 1570556813493650000
2147483950 1570556807138378000
2147484665 1570556809834107000
2147485012 1570556811466305000
2147485944 1570556815473109000
2147485962 1570556815565059000
2147485623 1570556814152812000
2147483660 1570556805518198000
2147484204 1570556808328770000
2147484831 1570556810665903000
2147484950 1570556811061441000
2147485246 1570556812786576000
2147485438 1570556813535572000
2147483654 1570556805513121000
2147485440 1570556813536658000
2147485550 1570556813899370000
2147485615 1570556814132541000
2147485783 1570556814804571000
2147483705 1570556805755436000
2147483813 1570556806311973000
2147483966 1570556807253848000
2147484325 1570556808854422000
2147485036 1570556811562023000
2147485636 1570556814191689000
2147483772 1570556806133163000
2147484065 1570556807732056000
2147484197 1570556808289529000
2147484255 1570556808661942000
2147485800 1570556814902843000
2147483996 1570556807405154000
2147484725 1570556810079911000
2147485231 1570556812683521000
2147483733 1570556805953962000
2147484281 1570556808714553000
2147484444 1570556809303197000
2147485671 1570556814325038000
2147485913 1570556815399961000
2147485046 1570556811605306000
2147484531 1570556809414747000
2147484782 1570556810338249000
2147485045 1570556811604988000
2147485186 1570556812548087000
2147485348 1570556813071302000
2147485352 1570556813073406000
2147484437 1570556809300043000
2147484803 1570556810481822000
2147485267 1570556812881184000
2147485334 1570556813063806000
2147485709 1570556814440711000
2147485600 1570556813997155000
2147485641 1570556814226050000
2147483812 1570556806311719000
2147484144 1570556808105321000
2147484469 1570556809371368000
2147484698 1570556809953959000
2147484886 1570556810827909000
2147485573 1570556813947198000
2147483854 1570556806571801000
2147485357 1570556813113722000
2147485499 1570556813689358000
2147485558 1570556813903389000
2147485418 1570556813440338000
2147485486 1570556813679746000
2147484170 1570556808203381000
2147484199 1570556808317384000
2147484218 1570556808404779000
2147484331 1570556808890416000
2147484454 1570556809310112000
2147484887 1570556810859178000
2147485520 1570556813770566000
2147483880 1570556806734165000
2147485674 1570556814326910000
2147483665 1570556805562949000
2147483709 1570556805760340000
2147483864 1570556806688290000
2147483881 1570556806735061000
2147485093 1570556811990197000
2147485722 1570556814523255000
2147483927 1570556807021628000
2147484304 1570556808779495000
2147484415 1570556809186718000
2147484855 1570556810767725000
2147485690 1570556814396840000
2147484022 1570556807535473000
2147484110 1570556807901309000
2147485510 1570556813728945000
2147483981 1570556807321871000
2147485859 1570556815242230000
2147483771 1570556806133162000
2147483919 1570556806956144000
2147483955 1570556807170365000
2147484792 1570556810386674000
2147485170 1570556812501446000
2147485458 1570556813586345000
2147483722 1570556805838336000
2147484476 1570556809374293000
2147484528 1570556809410701000
2147484977 1570556811074966000
2147485534 1570556813823251000
2147484078 1570556807773923000
2147484903 1570556810871291000
2147485945 1570556815475503000
2147483766 1570556806130740000
2147484013 1570556807530393000
2147484269 1570556808668794000
2147484369 1570556809037654000
2147485644 1570556814261301000
2147485812 1570556815043318000
2147484400 1570556809140991000
2147484958 1570556811066337000
2147485885 1570556815310190000
2147484042 1570556807582754000
2147484501 1570556809389525000
2147484084 1570556807779191000
2147484145 1570556808105330000
2147484292 1570556808719623000
2147484458 1570556809311805000
2147484980 1570556811110152000
2147484264 1570556808666231000
2147484416 1570556809187022000
2147484820 1570556810616587000
2147485344 1570556813068797000
2147485666 1570556814274591000
2147485778 1570556814802003000
2147483836 1570556806425026000
2147484143 1570556808103625000
2147484974 1570556811072818000
2147485617 1570556814137179000
2147485837 1570556815231143000
2147483825 1570556806355523000
2147483891 1570556806818554000
2147484044 1570556807585520000
2147484102 1570556807826685000
2147484433 1570556809297426000
2147485062 1570556811656894000
2147483788 1570556806179414000
2147484736 1570556810183974000
2147484768 1570556810285517000
2147485123 1570556812219802000
2147485715 1570556814476171000
2147485955 1570556815528256000
2147484925 1570556810926164000
2147485321 1570556812949493000
2147483957 1570556807171721000
2147484272 1570556808670161000
2147484857 1570556810768959000
2147484880 1570556810821149000
2147485886 1570556815335523000
2147484867 1570556810807975000
2147484869 1570556810808934000
2147485738 1570556814591081000
2147484232 1570556808515301000
2147484651 1570556809788050000
2147485006 1570556811459700000
2147485141 1570556812360037000
2147485648 1570556814266406000
2147485822 1570556815092346000
2147485893 1570556815342375000
2147483664 1570556805562947000
2147484111 1570556807902447000
2147484406 1570556809178514000
2147484417 1570556809187517000
2147484680 1570556809904088000
2147485369 1570556813123202000
2147483847 1570556806536285000
2147484481 1570556809378427000
2147484535 1570556809463152000
2147484793 1570556810394381000
2147485284 1570556812890877000
2147485292 1570556812894822000
2147484883 1570556810822546000
2147485751 1570556814705899000
2147484048 1570556807588752000
2147485476 1570556813632635000
2147484045 1570556807586579000
2147485387 1570556813356936000
2147485574 1570556813948345000
2147485527 1570556813774095000
2147483729 1570556805869778000
2147483778 1570556806139498000
2147484302 1570556808778743000
2147484524 1570556809407911000
2147485401 1570556813432668000
2147485854 1570556815239337000
2147483878 1570556806733293000
2147483942 1570556807100996000
2147484671 1570556809837290000
2147485355 1570556813112560000
2147485555 1570556813902230000
2147485784 1570556814804862000
2147483820 1570556806350654000
2147484295 1570556808721961000
2147484750 1570556810232284000
2147485041 1570556811599472000
2147485042 1570556811601094000
2147485154 1570556812371278000
2147484312 1570556808847883000
2147485055 1570556811649780000
2147483769 1570556806131556000
2147484018 1570556807534049000
2147485028 1570556811523904000
2147485841 1570556815234702000
2147484098 1570556807820222000
2147484280 1570556808713467000
2147484340 1570556808983299000
2147484449 1570556809306341000
2147485271 1570556812885172000
2147484006 1570556807472928000
2147485110 1570556812172467000
2147485881 1570556815306918000
2147483918 1570556806955602000
2147485317 1570556812947757000
2147485707 1570556814439878000
2147485757 1570556814750554000
2147483867 1570556806695190000
2147483922 1570556806989105000
2147483938 1570556807098697000
2147483959 1570556807203593000
2147484249 1570556808571643000
2147484888 1570556810859685000
2147483728 1570556805869433000
2147483937 1570556807069210000
2147485696 1570556814432204000
2147485786 1570556814805865000
2147483897 1570556806821960000
2147485030 1570556811524439000
2147485108 1570556812169890000
2147485535 1570556813823876000
2147485634 1570556814189988000
2147485737 1570556814590614000
2147484101 1570556807826085000
2147484103 1570556807827148000
2147484495 1570556809386460000
2147484564 1570556809569556000
2147485691 1570556814398002000
2147484024 1570556807536186000
2147484578 1570556809675922000
2147484616 1570556809735507000
2147484791 1570556810386111000
2147485189 1570556812549807000
2147485554 1570556813900917000
2147484599 1570556809724389000
2147485184 1570556812545961000
2147485870 1570556815276651000
2147483828 1570556806385026000
2147483876 1570556806732377000
2147483939 1570556807099720000
2147485129 1570556812222774000
2147485236 1570556812731700000
2147485312 1570556812944347000
2147484058 1570556807656226000
2147484645 1570556809784844000
2147483760 1570556806093595000
2147484176 1570556808245668000
2147484468 1570556809370508000
2147484672 1570556809853232000
2147485629 1570556814186753000
2147484132 1570556808056609000
2147484191 1570556808285693000
2147485708 1570556814440132000
2147485712 1570556814441853000
2147483842 1570556806500812000
2147484558 1570556809566916000
2147485501 1570556813690275000
2147483696 1570556805715808000
2147484507 1570556809394627000
2147485810 1570556815038390000
2147483976 1570556807293173000
2147484146 1570556808106908000
2147484639 1570556809781707000
2147484763 1570556810277094000
2147484832 1570556810666281000
2147484837 1570556810670801000
2147485658 1570556814270168000
2147485868 1570556815274176000
2147483765 1570556806129740000
2147484215 1570556808400908000
2147484321 1570556808852204000
2147484686 1570556809906609000
2147485198 1570556812607601000
2147485260 1570556812830596000
2147484282 1570556808715304000
2147484419 1570556809188453000
2147484907 1570556810874337000
2147485831 1570556815142946000
2147485911 1570556815376074000
2147484338 1570556808939302000
2147484795 1570556810436229000
2147485242 1570556812735849000
2147485462 1570556813587925000
2147485559 1570556813903985000
2147485601 1570556813997539000
2147484151 1570556808145020000
2147484166 1570556808200808000
2147484475 1570556809374285000
2147485467 1570556813590864000
2147485844 1570556815235788000
2147485774 1570556814759480000
2147484106 1570556807857552000
2147484320 1570556808851794000
2147484482 1570556809378800000
2147484596 1570556809693672000
2147485495 1570556813688140000
2147485768 1570556814754758000
2147484881 1570556810821833000
2147485619 1570556814137838000
2147485750 1570556814705585000
2147484840 1570556810671840000
2147484995 1570556811371531000
2147485282 1570556812889669000
2147484621 1570556809737537000
2147485938 1570556815469772000
2147483732 1570556805902702000
2147483934 1570556807055198000
2147484992 1570556811369648000
2147485817 1570556815090204000
2147485891 1570556815340847000
2147485902 1570556815371644000
2147483668 1570556805565184000
2147483719 1570556805802329000
2147483829 1570556806385638000
2147483995 1570556807405153000
2147484335 1570556808922324000
2147485393 1570556813392278000
2147483910 1570556806941339000
2147485502 1570556813690682000
2147485808 1570556815037513000
2147485846 1570556815236515000
2147483691 1570556805661054000
2147484276 1570556808672850000
2147485162 1570556812424297000
2147484859 1570556810770328000
2147485907 1570556815373380000
2147484214 1570556808400899000
2147484239 1570556808565071000
2147484334 1570556808892735000
2147484701 1570556809955043000
2147484956 1570556811063355000
2147485598 1570556813995939000
2147483908 1570556806911002000
2147484305 1570556808806162000
2147484394 1570556809119338000
2147484963 1570556811068614000
2147485821 1570556815091688000
2147483964 1570556807253205000
2147484842 1570556810672560000
2147485498 1570556813688746000
2147485575 1570556813948571000
2147483735 1570556805985772000
2147484434 1570556809297428000
2147484838 1570556810671101000
2147484872 1570556810814950000
2147483944 1570556807103685000
2147483984 1570556807352238000
2147484346 1570556808987287000
2147484404 1570556809176914000
2147484527 1570556809410698000
2147485540 1570556813858473000
2147484692 1570556809948657000
2147484800 1570556810479882000
2147485182 1570556812506468000
2147483677 1570556805571686000
2147484602 1570556809728177000
2147484659 1570556809831221000
2147484996 1570556811371943000
2147485330 1570556813010761000
2147483973 1570556807288285000
2147484061 1570556807702992000
2147484271 1570556808669588000
2147484291 1570556808718869000
2147484519 1570556809403279000
2147485578 1570556813951215000
2147484221 1570556808437928000
2147485736 1570556814590341000
2147485914 1570556815401546000
2147485539 1570556813858075000
2147484333 1570556808892342000
2147484480 1570556809377529000
2147484653 1570556809789321000
2147484699 1570556809954192000
2147484806 1570556810487863000
2147485089 1570556811935841000
2147483863 1570556806688287000
2147484308 1570556808809250000
2147484663 1570556809833339000
2147484937 1570556811014602000
2147485235 1570556812731329000
2147485939 1570556815470516000
2147483877 1570556806733290000
2147484650 1570556809787814000
2147485029 1570556811523905000
2147485132 1570556812263245000
2147485912 1570556815377369000
2147483947 1570556807136717000
2147485017 1570556811518041000
2147485444 1570556813539123000
2147485126 1570556812221171000
2147485840 1570556815234297000
2147484041 1570556807582162000
2147484654 1570556809789591000
2147485545 1570556813894542000
2147483911 1570556806941584000
2147484371 1570556809039610000
2147484766 1570556810279282000
2147483824 1570556806354612000
2147484799 1570556810479264000
2147485090 1570556811942322000
2147485172 1570556812502425000
2147485585 1570556813954005000
2147485966 1570556815571476000
2147483749 1570556806034557000
2147483962 1570556807227878000
2147484359 1570556809031397000
2147484383 1570556809112328000
2147485009 1570556811462485000
2147485489 1570556813681007000
2147483670 1570556805566364000
2147484169 1570556808201614000
2147485661 1570556814272211000
2147485716 1570556814476576000
2147485890 1570556815339259000
2147483999 1570556807436135000
2147484198 1570556808289530000
2147484234 1570556808531786000
2147483655 1570556805513403000
2147484399 1570556809123368000
2147484986 1570556811311252000
2147483932 1570556807027247000
2147484603 1570556809728597000
2147484788 1570556810381510000
2147484821 1570556810616857000
2147485109 1570556812170280000
2147483703 1570556805720182000
2147484004 1570556807472046000
2147484706 1570556810027817000
2147485668 1570556814275783000
2147483982 1570556807351519000
2147484909 1570556810913726000
2147485567 1570556813907686000
2147484056 1570556807654022000
2147484201 1570556808320440000
2147484809 1570556810488764000
2147485547 1570556813895141000
2147485946 1570556815475505000
2147484928 1570556810960153000
2147485320 1570556812949100000
2147484894 1570556810863285000
2147485293 1570556812895369000
2147485953 1570556815525982000
2147485836 1570556815208388000
2147483971 1570556807285209000
2147484233 1570556808516160000
2147484477 1570556809376315000
2147485196 1570556812605742000
2147485300 1570556812900644000
2147485542 1570556813859183000
2147485447 1570556813543921000
2147485576 1570556813950261000
2147485646 1570556814261305000
2147485942 1570556815472485000
2147483860 1570556806636016000
2147484694 1570556809949871000
2147484924 1570556810926163000
2147483701 1570556805719247000
2147483953 1570556807139268000
2147484732 1570556810138760000
2147485040 1570556811598972000
2147485261 1570556812844859000
2147485552 1570556813900121000
2147485599 1570556813996884000
2147483823 1570556806353972000
2147484885 1570556810823673000
2147485500 1570556813689810000
2147485896 1570556815345010000
2147484364 1570556809034438000
2147484715 1570556810076474000
2147484814 1570556810524394000
2147485191 1570556812551028000
2147485274 1570556812885861000
2147484147 1570556808106911000
2147484193 1570556808287213000
2147484244 1570556808568719000
2147484357 1570556809030085000
2147485967 1570556815572151000
2147485973 1570556815574860000
2147484514 1570556809397808000
2147485015 1570556811483568000
2147485433 1570556813531705000
2147484441 1570556809302207000
2147484618 1570556809736151000
2147484697 1570556809953623000
2147485388 1570556813358424000
2147485441 1570556813537135000
2147485706 1570556814439546000
2147485723 1570556814523702000
2147484120 1570556807937761000
2147484487 1570556809381362000
2147484684 1570556809905126000
2147485700 1570556814434758000
2147485848 1570556815237203000
2147483821 1570556806352321000
2147483894 1570556806819700000
2147484116 1570556807935985000
2147484984 1570556811180148000
2147483685 1570556805618788000
2147484274 1570556808670701000
2147484303 1570556808779307000
2147485067 1570556811708239000
2147485179 1570556812504753000
2147483782 1570556806174585000
2147484479 1570556809377282000
2147484485 1570556809380940000
2147484509 1570556809395732000
2147485579 1570556813952142000
2147485718 1570556814483088000
2147484902 1570556810868994000
2147485054 1570556811646967000
2147485858 1570556815241282000
2147485924 1570556815409383000
2147484326 1570556808855289000
2147484343 1570556808986005000
2147484615 1570556809734973000
2147484735 1570556810183973000
2147485119 1570556812217135000
2147485761 1570556814752106000
2147484137 1570556808095374000
2147484549 1570556809520752000
2147485094 1570556811990467000
2147485234 1570556812727841000
2147483887 1570556806769725000
2147483933 1570556807027249000
2147484313 1570556808849152000
2147484478 1570556809376317000
2147485266 1570556812880788000
2147485678 1570556814358064000
2147485345 1570556813069595000
2147484016 1570556807532180000
2147484119 1570556807937369000
2147484852 1570556810735017000
2147485633 1570556814189656000
2147483990 1570556807401530000
2147484311 1570556808847172000
2147484382 1570556809111458000
2147485910 1570556815376072000
2147483924 1570556806990523000
2147484649 1570556809787093000
2147484756 1570556810235945000
2147485517 1570556813766271000
2147485958 1570556815529139000
2147483764 1570556806129115000
2147483798 1570556806186059000
2147484093 1570556807787228000
2147484453 1570556809309705000
2147485241 1570556812735560000
2147485742 1570556814622572000
2147484929 1570556811010466000
2147485003 1570556811421703000
2147483681 1570556805612354000
2147483743 1570556806027699000
2147484083 1570556807776127000
2147484224 1570556808439333000
2147484438 1570556809300190000
2147484798 1570556810442355000
2147485144 1570556812364905000
2147484231 1570556808515277000
2147484874 1570556810816276000
2147484818 1570556810614138000
2147484856 1570556810768588000
2147485180 1570556812505397000
2147485536 1570556813824188000
2147485795 1570556814842872000
2147485965 1570556815566273000
2147484299 1570556808761256000
2147484377 1570556809076638000
2147485225 1570556812669594000
2147485660 1570556814271064000
2147485876 1570556815304560000
2147484948 1570556811060333000
2147485063 1570556811657289000
2147483742 1570556806026891000
2147484085 1570556807781023000
2147484266 1570556808667279000
2147484267 1570556808667877000
2147484627 1570556809775235000
2147484823 1570556810620891000
2147485127 1570556812221456000
2147485361 1570556813115962000
2147485904 1570556815372345000
2147484165 1570556808200351000
2147484412 1570556809185661000
2147485118 1570556812216557000
2147485175 1570556812503286000
2147485952 1570556815523532000
2147485548 1570556813896666000
2147485655 1570556814268902000
2147485209 1570556812653481000
2147484025 1570556807536865000
2147484296 1570556808724067000
2147484704 1570556809991524000
2147485299 1570556812900354000
2147485818 1570556815090598000
2147485915 1570556815401907000
2147484898 1570556810865362000
2147485298 1570556812899804000
2147483718 1570556805802136000
2147483723 1570556805838504000
2147483727 1570556805868070000
2147483928 1570556807022859000
2147484026 1570556807537072000
2147484674 1570556809853836000
2147485947 1570556815495203000
2147484067 1570556807733285000
2147484542 1570556809474250000
2147484912 1570556810917924000
2147484941 1570556811020544000
2147485072 1570556811750104000
2147483658 1570556805516894000
2147484421 1570556809219701000
2147485043 1570556811604386000
2147485318 1570556812948127000
2147485950 1570556815521490000
2147483850 1570556806539080000
2147485190 1570556812550366000
2147484184 1570556808252463000
2147484747 1570556810191625000
2147484829 1570556810665185000
2147485525 1570556813772605000
2147484287 1570556808717606000
2147484486 1570556809380943000
2147484862 1570556810772633000
2147485894 1570556815343793000
2147484209 1570556808356490000
2147484702 1570556809956510000
2147484827 1570556810623275000
2147485114 1570556812175418000
2147485335 1570556813064293000
2147485408 1570556813436672000
2147485124 1570556812220507000
2147485185 1570556812547648000
2147483800 1570556806186975000
2147484425 1570556809227231000
2147484470 1570556809371369000
2147484555 1570556809565437000
2147484577 1570556809636645000
2147484619 1570556809736869000
2147484344 1570556808986244000
2147484940 1570556811020543000
2147485627 1570556814183929000
2147484851 1570556810735016000
2147484038 1570556807580598000
2147485302 1570556812901316000
2147485546 1570556813894548000
2147483905 1570556806892491000
2147483974 1570556807288294000
2147484988 1570556811311255000
2147484188 1570556808255895000
2147484205 1570556808328771000
2147484426 1570556809255468000
2147485091 1570556811942332000
2147485188 1570556812549344000
2147484063 1570556807730762000
2147484398 1570556809122092000
2147485916 1570556815402247000
2147483708 1570556805760334000
2147484378 1570556809077075000
2147484424 1570556809225876000
2147484754 1570556810235180000
2147484662 1570556809832535000
2147485364 1570556813120941000
2147485442 1570556813537571000
2147485727 1570556814569892000
2147485779 1570556814803049000
2147483770 1570556806132288000
2147484293 1570556808719925000
2147485515 1570556813765366000
2147483961 1570556807227455000
2147484294 1570556808720850000
2147484917 1570556810920533000
2147485394 1570556813392928000
2147485380 1570556813302386000
2147485389 1570556813358910000
2147483826 1570556806356425000
2147483921 1570556806988575000
2147484196 1570556808288668000
2147484247 1570556808570136000
2147484460 1570556809312646000
2147484998 1570556811418307000
2147485569 1570556813908891000
2147485745 1570556814657332000
2147485975 1570556815575808000
2147484429 1570556809260663000
2147484556 1570556809566099000
2147484683 1570556809904449000
2147485239 1570556812733558000
2147485626 1570556814183927000
2147485851 1570556815238372000
2147483692 1570556805681269000
2147484785 1570556810339993000
2147485176 1570556812503918000
2147485279 1570556812888791000
2147485482 1570556813678051000
2147485970 1570556815573586000
2147483993 1570556807403675000
2147484368 1570556809037356000
2147484865 1570556810774606000
2147485324 1570556812956335000
2147485358 1570556813114000000
2147485790 1570556814807878000
2147484836 1570556810670190000
2147485764 1570556814753650000
2147485847 1570556815236955000
2147485917 1570556815403492000
2147483649 1570556805510376000
2147485078 1570556811796949000
2147485704 1570556814438774000
2147483746 1570556806029669000
2147483814 1570556806342383000
2147485033 1570556811559821000
2147485856 1570556815240021000
2147485699 1570556814434644000
2147483904 1570556806855928000
2147484029 1570556807573091000
2147484194 1570556808288114000
2147484488 1570556809382265000
2147484953 1570556811062467000
2147485004 1570556811423310000
2147485713 1570556814474568000
2147484068 1570556807733477000
2147484551 1570556809522738000
2147484580 1570556809681114000
2147484985 1570556811308231000
2147485277 1570556812888117000
2147485611 1570556814129993000
2147485788 1570556814807413000
2147483666 1570556805563265000
2147483810 1570556806288407000
2147484279 1570556808711984000
2147484670 1570556809837289000
2147484707 1570556810035583000
2147485770 1570556814755557000
2147485049 1570556811606715000
2147485635 1570556814190722000
2147485637 1570556814191690000
2147485801 1570556814945784000
2147485897 1570556815345736000
2147483676 1570556805571079000
2147484530 1570556809412155000
2147484772 1570556810331956000
2147485149 1570556812368616000
2147485475 1570556813632343000
2147485583 1570556813953475000
2147483869 1570556806696193000
2147484389 1570556809116613000
2147484575 1570556809614171000
2147485343 1570556813068793000
2147484871 1570556810813557000
2147483650 1570556805510703000
2147483907 1570556806910773000
2147484512 1570556809396996000
2147484738 1570556810185325000
2147485650 1570556814267014000
2147485963 1570556815565366000
2147483739 1570556806023927000
2147484152 1570556808145702000
2147484608 1570556809730831000
2147485717 1570556814479264000
2147485976 1570556815598622000
2147483817 1570556806347835000
2147484011 1570556807526440000
2147485297 1570556812899603000
2147484173 1570556808206322000
2147484374 1570556809071843000
2147485024 1570556811521469000
2147485146 1570556812367244000
2147485591 1570556813957416000
2147485223 1570556812664282000
2147485743 1570556814622849000
2147485866 1570556815272548000
2147484155 1570556808162120000
2147484822 1570556810620446000
2147484968 1570556811070467000
2147485898 1570556815346147000
2147483949 1570556807137611000
2147484130 1570556808055257000
2147484677 1570556809897217000
2147485532 1570556813809714000
2147483687 1570556805620442000
2147484040 1570556807581483000
2147484440 1570556809301791000
2147485111 1570556812172633000
2147485756 1570556814750178000
2147485867 1570556815273751000
2147484328 1570556808856689000
2147484510 1570556809395734000
2147484633 1570556809777854000
2147485120 1570556812217843000
2147485379 1570556813301378000
2147485531 1570556813809713000
2147483943 1570556807103331000
2147484900 1570556810868258000
2147485918 1570556815403493000
2147483707 1570556805757086000
2147483873 1570556806730489000
2147483913 1570556806942651000
2147484631 1570556809776989000
2147485052 1570556811608269000
2147485439 1570556813536203000
2147484360 1570556809032298000
2147484504 1570556809392174000
2147484720 1570556810078214000
2147485289 1570556812892972000
2147484967 1570556811070188000
2147485398 1570556813398643000
2147484079 1570556807774537000
2147484086 1570556807781296000
2147484605 1570556809729272000
2147485676 1570556814357113000
2147485923 1570556815409380000
2147483776 1570556806136795000
2147483954 1570556807170227000
2147484529 1570556809411524000
2147484889 1570556810861385000
2147485322 1570556812949757000
2147484624 1570556809742828000
2147484149 1570556808143617000
2147484682 1570556809904091000
2147485148 1570556812368615000
2147485272 1570556812885173000
2147483774 1570556806134494000
2147483866 1570556806690009000
2147484066 1570556807732318000
2147484418 1570556809187753000
2147484923 1570556810926157000
2147485136 1570556812284053000
2147483787 1570556806178923000
2147484220 1570556808437406000
2147484537 1570556809466082000
2147483662 1570556805525792000
2147483855 1570556806572570000
2147484080 1570556807774680000
2147484721 1570556810078561000
2147485275 1570556812887608000
2147485588 1570556813956185000
2147483958 1570556807203125000
2147484668 1570556809835808000
2147485775 1570556814799253000
2147484189 1570556808256568000
2147484471 1570556809372162000
2147485053 1570556811645858000
2147485113 1570556812173594000
2147485508 1570556813725986000
2147485726 1570556814569891000
2147485703 1570556814438773000
2147485930 1570556815439515000
2147485608 1570556814094739000
2147485647 1570556814266157000
2147484592 1570556809688397000
2147484716 1570556810076889000
2147484993 1570556811370307000
2147485026 1570556811521968000
2147485097 1570556812048236000
2147485273 1570556812885591000
2147485789 1570556814807414000
2147484243 1570556808568348000
2147484647 1570556809786318000
2147485253 1570556812825419000
2147485628 1570556814185797000
2147484598 1570556809724388000
2147484892 1570556810862148000
2147484972 1570556811071825000
2147485023 1570556811521134000
2147485670 1570556814311758000
2147485672 1570556814325378000
2147484744 1570556810189115000
2147484935 1570556811014069000
2147485153 1570556812370626000
2147485201 1570556812644193000
2147485229 1570556812671350000
2147485296 1570556812899113000
2147483879 1570556806733802000
2147483997 1570556807434909000
2147484330 1570556808889603000
2147485022 1570556811520788000
2147485424 1570556813478683000
2147483667 1570556805563535000
2147484037 1570556807580355000
2147484767 1570556810279609000
2147485115 1570556812175890000
2147485773 1570556814757445000
2147485948 1570556815495211000
2147484164 1570556808200036000
2147485325 1570556812956970000
2147485513 1570556813764515000
2147485769 1570556814754961000
2147483736 1570556805986182000
2147484610 1570556809732299000
2147484825 1570556810622082000
2147484863 1570556810773367000
2147485908 1570556815373589000
2147484456 1570556809311077000
2147484532 1570556809415027000
2147484664 1570556809833340000
2147485383 1570556813321957000
2147485397 1570556813398224000
2147485459 1570556813586898000
2147483710 1570556805793470000
2147483811 1570556806288414000
2147484637 1570556809779582000
2147484901 1570556810868783000
2147485565 1570556813906405000
2147484074 1570556807739594000
2147484921 1570556810922981000
2147485075 1570556811751539000
2147485451 1570556813581322000
2147485474 1570556813628990000
2147484236 1570556808532744000
2147484848 1570556810717126000
2147485221 1570556812660920000
2147485228 1570556812671259000
2147485268 1570556812883516000
2147485593 1570556813959801000
2147484263 1570556808666229000
2147484447 1570556809304809000
2147484762 1570556810240710000
2147484783 1570556810338841000
2147485351 1570556813072394000
2147485681 1570556814359958000
2147484914 1570556810918939000
2147484301 1570556808762843000
2147484348 1570556808988638000
2147485693 1570556814399509000
2147485701 1570556814436560000
2147483717 1570556805800540000
2147484154 1570556808161791000
2147484895 1570556810864583000
2147485087 1570556811857277000
2147485270 1570556812884503000
2147485313 1570556812944797000
2147483758 1570556806072254000
2147484765 1570556810277906000
2147485381 1570556813302943000
2147484911 1570556810917913000
2147485061 1570556811655931000
2147483659 1570556805517454000
2147484450 1570556809309160000
2147484463 1570556809316267000
2147484502 1570556809389528000
2147484770 1570556810302242000
2147484518 1570556809402217000
2147485306 1570556812903427000
2147485466 1570556813589590000
2147485568 1570556813907944000
2147485083 1570556811842466000
2147485928 1570556815438653000
2147483804 1570556806222029000
2147484082 1570556807775683000
2147484237 1570556808563588000
2147484656 1570556809828821000
2147484960 1570556811067319000
2147485014 1570556811483345000
2147483920 1570556806987979000
2147485122 1570556812219372000
2147485888 1570556815337225000
2147484298 1570556808760355000
2147484587 1570556809685754000
2147484644 1570556809784838000
2147484712 1570556810074533000
2147484746 1570556810190000000
2147485151 1570556812369770000
2147483656 1570556805514077000
2147483902 1570556806854868000
2147484219 1570556808405086000
2147484543 1570556809474699000
2147485101 1570556812120037000
2147483755 1570556806037668000
2147484737 1570556810184856000
2147484976 1570556811074965000
2147485171 1570556812501448000
2147483802 1570556806188671000
2147483862 1570556806687315000
2147483883 1570556806736013000
2147484009 1570556807495778000
2147484129 1570556808023600000
2147484934 1570556811013278000
2147483940 1570556807099721000
2147484358 1570556809030571000
2147484403 1570556809176912000
2147484544 1570556809475448000
2147484582 1570556809681553000
2147485059 1570556811655037000
2147485264 1570556812879775000
2147485772 1570556814756291000
2147483790 1570556806181867000
2147483859 1570556806635837000
2147484104 1570556807855116000
2147484583 1570556809681787000
2147484722 1570556810078993000
2147485035 1570556811562022000
2147483838 1570556806468653000
2147484457 1570556809311804000
2147485315 1570556812946981000
2147485359 1570556813114251000
2147485688 1570556814394088000
2147484499 1570556809388430000
2147484685 1570556809905961000
2147484771 1570556810302244000
2147484600 1570556809727570000
2147484779 1570556810336143000
2147485632 1570556814189221000
2147485686 1570556814391775000
2147485787 1570556814806255000
2147483680 1570556805612352000
2147484365 1570556809035577000
2147484850 1570556810734199000
2147485077 1570556811754537000
2147485504 1570556813691297000
2147484730 1570556810133247000
2147485506 1570556813725984000
2147485514 1570556813764823000
2147485607 1570556814092767000
2147485663 1570556814273276000
2147483963 1570556807252331000
2147484217 1570556808403472000
2147484884 1570556810823672000
2147485160 1570556812379373000
2147485362 1570556813116510000
2147485639 1570556814223783000
2147483868 1570556806695704000
2147484933 1570556811012740000
2147484946 1570556811023879000
2147485624 1570556814182179000
2147485797 1570556814895847000
2147485889 1570556815339258000
2147483815 1570556806342385000
2147484027 1570556807537765000
2147484726 1570556810080342000
2147484759 1570556810237900000
2147485098 1570556812048539000
2147485642 1570556814227411000
2147484052 1570556807621366000
2147484075 1570556807743822000
2147484652 1570556809788826000
2147484879 1570556810820865000
2147485248 1570556812787384000
2147485471 1570556813627392000
2147484395 1570556809119770000
2147485134 1570556812264797000
2147485278 1570556812888477000
2147485596 1570556813992444000
2147485864 1570556815266998000
2147484238 1570556808563827000
2147484273 1570556808670581000
2147484944 1570556811022295000
2147485472 1570556813627572000
2147485794 1570556814841859000
2147485960 1570556815563504000
2147483663 1570556805560571000
2147484579 1570556809677166000
2147484611 1570556809732958000
2147484661 1570556809832338000
2147485079 1570556811812691000
2147485816 1570556815088260000
2147484091 1570556807786454000
2147484163 1570556808199619000
2147485099 1570556812074870000
2147485167 1570556812498250000
2147485964 1570556815566008000
2147484352 1570556809024397000
2147484753 1570556810234765000
2147485855 1570556815239736000
2147485884 1570556815309076000
2147484003 1570556807471669000
2147484472 1570556809372356000
2147485407 1570556813435336000
2147485631 1570556814187507000
2147485753 1570556814709100000
2147485199 1570556812608344000
2147483759 1570556806072703000
2147484384 1570556809112676000
2147484414 1570556809186208000
2147484563 1570556809569104000
2147484586 1570556809685753000
2147484982 1570556811123742000
2147483931 1570556807026211000
2147483983 1570556807351523000
2147484053 1570556807621651000
2147484355 1570556809027918000
2147485232 1570556812683635000
2147485845 1570556815236212000
2147485895 1570556815345009000
2147484015 1570556807531915000
2147484541 1570556809468166000
2147485616 1570556814136638000
2147483741 1570556806024928000
2147483781 1570556806172868000
2147483890 1570556806816072000
2147484253 1570556808660386000
2147484409 1570556809184660000
2147484789 1570556810382358000
2147483985 1570556807352829000
2147484734 1570556810182840000
2147485638 1570556814222868000
2147485677 1570556814357706000
2147483783 1570556806174586000
2147484570 1570556809573853000
2147485363 1570556813119079000
2147485485 1570556813679744000
2147483737 1570556805988024000
2147484107 1570556807870804000
2147484115 1570556807905817000
2147485249 1570556812788922000
2147485921 1570556815407577000
2147484922 1570556810923001000
2147485143 1570556812360051000
2147485766 1570556814754167000
2147483965 1570556807253320000
2147484174 1570556808241494000
2147484300 1570556808762320000
2147484932 1570556811012302000
2147484005 1570556807472496000
2147484010 1570556807496004000
2147484801 1570556810480223000
2147485667 1570556814275586000
2147485899 1570556815348124000
2147484014 1570556807531377000
2147484882 1570556810822045000
2147485423 1570556813478452000
2147485556 1570556813902466000
2147484185 1570556808253423000
2147485074 1570556811751057000
2147485382 1570556813303232000
2147485541 1570556813859182000
2147485834 1570556815184536000
2147483885 1570556806736965000
2147484240 1570556808565349000
2147484462 1570556809315456000
2147484655 1570556809827944000
2147484990 1570556811368675000
2147485367 1570556813122682000
2147483747 1570556806031113000
2147484483 1570556809379235000
2147484844 1570556810711799000
2147485142 1570556812360050000
2147485011 1570556811465880000
2147485080 1570556811813895000
2147483683 1570556805613462000
2147483831 1570556806390977000
2147484554 1570556809565049000
2147484709 1570556810036267000
2147484994 1570556811370715000
2147485007 1570556811460610000
2147485493 1570556813684633000
2147485803 1570556814987941000
2147485934 1570556815442084000
2147483699 1570556805718111000
2147484062 1570556807703210000
2147484158 1570556808195726000
2147485116 1570556812177299000
2147485213 1570556812656199000
2147483923 1570556806989541000
2147484464 1570556809316268000
2147484807 1570556810488124000
2147484961 1570556811067906000
2147485316 1570556812947457000
2147485339 1570556813066418000
2147483799 1570556806186363000
2147483994 1570556807404003000
2147484905 1570556810873056000
2147485665 1570556814274267000
2147485754 1570556814747307000
2147484310 1570556808846755000
2147484567 1570556809571568000
2147483861 1570556806654891000
2147484322 1570556808852463000
2147485233 1570556812727815000
2147485529 1570556813775655000
2147485777 1570556814801313000
2147485863 1570556815266997000
2147484140 1570556808102399000
2147485257 1570556812827753000
2147485586 1570556813954607000
2147485819 1570556815091219000
2147483763 1570556806128608000
2147484036 1570556807579668000
2147484897 1570556810865085000
2147485749 1570556814705079000
2147484816 1570556810578903000
2147485365 1570556813121767000
2147483698 1570556805717649000
2147484474 1570556809372941000
2147484642 1570556809783337000
2147485203 1570556812647599000
2147485402 1570556813433126000
2147485530 1570556813775657000
2147484436 1570556809299341000
2147484590 1570556809686639000
2147485758 1570556814751198000
2147485971 1570556815574051000
2147485187 1570556812548808000
2147485796 1570556814895846000
2147484473 1570556809372737000
2147485349 1570556813071740000
2147483835 1570556806423756000
2147484081 1570556807775419000
2147485420 1570556813441896000
2147485961 1570556815563998000
2147483986 1570556807354393000
2147485081 1570556811841447000
2147485614 1570556814132533000
2147483791 1570556806182237000
2147484353 1570556809024405000
2147484500 1570556809388452000
2147484817 1570556810578904000
2147483780 1570556806172322000
2147484609 1570556809731304000
2147485220 1570556812660404000
2147483651 1570556805511094000
2147483896 1570556806820599000
2147485173 1570556812502665000
2147484088 1570556807783105000
2147485511 1570556813732714000
2147485592 1570556813959046000
2147485857 1570556815240491000
2147485698 1570556814434059000
2147485734 1570556814572324000
2147485804 1570556814996654000
2147485763 1570556814753202000
2147485826 1570556815133272000
2147483795 1570556806184347000
2147484001 1570556807439114000
2147484297 1570556808724603000
2147484641 1570556809782618000
2147484643 1570556809783680000
2147485102 1570556812120512000
2147485524 1570556813772056000
2147485560 1570556813904164000
2147485563 1570556813905850000
2147484964 1570556811068906000
2147485251 1570556812790652000
2147485878 1570556815305573000
2147485906 1570556815372997000
2147485941 1570556815471441000
2147484780 1570556810337129000
2147484819 1570556810615472000
2147485032 1570556811559445000
2147485238 1570556812733176000
2147485240 1570556812734893000
2147484999 1570556811418607000
2147485135 1570556812264798000
2147485163 1570556812460419000
2147485247 1570556812787197000
2147485456 1570556813584991000
2147484070 1570556807734686000
2147484095 1570556807788249000
2147484594 1570556809690312000
2147485216 1570556812657658000
2147484251 1570556808606226000
2147484503 1570556809391784000
2147485310 1570556812904587000
2147483779 1570556806171849000
2147484187 1570556808254354000
2147484975 1570556811073599000
2147485767 1570556814754407000
2147484854 1570556810767183000
2147485161 1570556812423657000
2147485872 1570556815302794000
2147484413 1570556809186030000
2147484669 1570556809836327000
2147484943 1570556811021781000
2147483744 1570556806028268000
2147483853 1570556806571012000
2147485069 1570556811745083000
2147485519 1570556813769316000
2147485582 1570556813953134000
2147485882 1570556815306919000
2147484329 1570556808889602000
2147484439 1570556809301421000
2147484550 1570556809522492000
2147484755 1570556810235854000
2147484939 1570556811020543000
2147485212 1570556812654967000
2147483979 1570556807321484000
2147484773 1570556810332368000
2147484195 1570556808288116000
2147484242 1570556808566286000
2147484945 1570556811023078000
2147485589 1570556813956662000
2147485679 1570556814358778000
2147485871 1570556815279114000
2147483726 1570556805867582000
2147484171 1570556808203484000
2147485603 1570556814015468000
2147484162 1570556808199617000
2147484630 1570556809776666000
2147485813 1570556815048851000
2147483748 1570556806033644000
2147483751 1570556806035046000
2147484628 1570556809776015000
2147484979 1570556811109240000
2147484991 1570556811368992000
2147485640 1570556814223785000
2147483841 1570556806500427000
2147484002 1570556807439850000
2147484574 1570556809614168000
2147484915 1570556810919956000
2147484965 1570556811069457000
2147485068 1570556811708240000
2147484089 1570556807784991000
2147484118 1570556807936600000
2147484222 1570556808438921000
2147485509 1570556813728667000
2147485021 1570556811520282000
2147485400 1570556813432665000
2147485657 1570556814269796000
2147483689 1570556805658102000
2147484113 1570556807905304000
2147484289 1570556808718152000
2147484497 1570556809387351000
2147484508 1570556809394768000
2147485281 1570556812889492000
2147483675 1570556805569962000
2147484050 1570556807590434000
2147484402 1570556809142419000
2147485210 1570556812653653000
2147485850 1570556815238021000
2147483785 1570556806176981000
2147483991 1570556807402295000
2147484373 1570556809043645000
2147485237 1570556812732955000
2147484258 1570556808663326000
2147484327 1570556808856688000
2147485301 1570556812901025000
2147485309 1570556812904340000
2147485929 1570556815439297000
2147483858 1570556806602009000
2147484126 1570556807974254000
2147484254 1570556808661378000
2147484987 1570556811311254000
2147485746 1570556814692930000
2147485883 1570556815308135000
2147485311 1570556812905275000
2147483865 1570556806689824000
2147484000 1570556807439113000
2147484559 1570556809567153000
2147484614 1570556809734675000
2147485001 1570556811421211000
2147485106 1570556812168573000
2147484139 1570556808096775000
2147484183 1570556808250897000
2147485469 1570556813592100000
2147485604 1570556814059931000
2147485675 1570556814327595000
2147483679 1570556805607882000
2147484192 1570556808286539000
2147484689 1570556809945709000
2147484718 1570556810077562000
2147485695 1570556814431406000
2147485931 1570556815440271000
2147483773 1570556806134192000
2147485303 1570556812901739000
2147485622 1570556814152486000
2147485880 1570556815306210000
2147483870 1570556806724340000
2147484049 1570556807589595000
2147485002 1570556811421561000
2147485164 1570556812462469000
2147485415 1570556813439040000
2147485445 1570556813539125000
2147484546 1570556809514675000
2147485047 1570556811606212000
2147485935 1570556815442885000
2147484569 1570556809573195000
2147484760 1570556810238299000
2147485031 1570556811557773000
2147485181 1570556812505653000
2147485390 1570556813359787000
2147485755 1570556814747323000
2147484213 1570556808372554000
2147484830 1570556810665264000
2147485019 1570556811519623000
2147485071 1570556811745947000
2147485373 1570556813192812000
2147485570 1570556813909235000
2147484625 1570556809774284000
2147484875 1570556810819531000
2147484969 1570556811070832000
2147485512 1570556813733072000
2147485605 1570556814091094000
2147485901 1570556815371563000
2147484023 1570556807536185000
2147484805 1570556810486947000
2147485051 1570556811608268000
2147485107 1570556812168574000
2147485323 1570556812950140000
2147485689 1570556814396466000
2147485016 1570556811518038000
2147485805 1570556814996656000
2147485869 1570556815275818000
2147484370 1570556809038050000
2147484589 1570556809686233000
2147485133 1570556812263246000
2147485202 1570556812644504000
2147485557 1570556813903357000
2147485838 1570556815231469000
2147484366 1570556809036175000
2147485413 1570556813438349000
2147485643 1570556814228838000
2147483688 1570556805621203000
2147483808 1570556806254783000
2147484097 1570556807820219000
2147484230 1570556808512583000
2147484522 1570556809406505000
2147485226 1570556812669595000
2147483948 1570556807137590000
2147484076 1570556807772674000
2147484268 1570556808668362000
2147485010 1570556811465508000
2147485197 1570556812606469000
2147485437 1570556813534750000
2147485903 1570556815372343000
2147485922 1570556815407577000
2147483715 1570556805799781000
2147483740 1570556806024925000
2147483833 1570556806422367000
2147483849 1570556806539077000
2147484446 1570556809304320000
2147485356 1570556813112944000
2147484105 1570556807856370000
2147484225 1570556808472067000
2147484719 1570556810077831000
2147484778 1570556810335681000
2147484973 1570556811072813000
2147485307 1570556812903658000
2147484055 1570556807625276000
2147485728 1570556814570161000
2147484128 1570556808022857000
2147484307 1570556808808441000
2147484808 1570556810488533000
2147484890 1570556810861587000
2147485195 1570556812569520000
2147485374 1570556813192815000
2147483960 1570556807227159000
2147484947 1570556811025206000
2147485649 1570556814266760000
2147485920 1570556815406685000
2147483952 1570556807139210000
2147484849 1570556810717381000
2147484955 1570556811063191000
2147485959 1570556815563195000
2147483653 1570556805512718000
2147484094 1570556807787857000
2147484337 1570556808938451000
2147484983 1570556811179282000
2147485269 1570556812883944000
2147485798 1570556814902841000
2147484039 1570556807581180000
2147484908 1570556810912927000
2147485350 1570556813072026000
2147485465 1570556813589294000
2147485936 1570556815442887000
2147485827 1570556815135840000
2147483819 1570556806350533000
2147483827 1570556806384103000
2147484285 1570556808716440000
2147484790 1570556810385869000
2147484957 1570556811065925000
2147485765 1570556814753823000
2147483738 1570556805988524000
2147483789 1570556806180820000
2147484168 1570556808201477000
2147485262 1570556812845028000
2147485669 1570556814311750000
2147485294 1570556812897334000
2147485411 1570556813437836000
2147484381 1570556809078596000
2147485406 1570556813434875000
2147485692 1570556814399508000
2147485842 1570556815235036000
2147484153 1570556808145729000
2147484250 1570556808571924000
2147484397 1570556809122091000
2147484802 1570556810481814000
2147484962 1570556811068453000
2147485005 1570556811424020000
2147485337 1570556813065187000
2147485449 1570556813580519000
2147483761 1570556806124893000
2147483762 1570556806128605000
2147484740 1570556810186665000
2147484749 1570556810231832000
2147484769 1570556810285518000
2147484927 1570556810958675000
2147483673 1570556805568733000
2147484489 1570556809383693000
2147484588 1570556809685762000
2147485105 1570556812166378000
2147484797 1570556810442354000
2147485342 1570556813068002000
2147484032 1570556807577432000
2147484136 1570556808095014000
2147484182 1570556808250889000
2147484286 1570556808717259000
2147484379 1570556809078021000
2147484748 1570556810192243000
2147485572 1570556813946782000
2147483977 1570556807319686000
2147484393 1570556809118902000
2147485747 1570556814692931000
2147483816 1570556806343533000
2147484573 1570556809611112000
2147485463 1570556813588257000
2147485139 1570556812320164000
2147485372 1570556813124311000
2147485481 1570556813648066000
2147484122 1570556807939590000
2147484843 1570556810711798000
2147485245 1570556812738741000
2147485392 1570556813392275000
2147484177 1570556808246083000
2147485327 1570556812958546000
2147485680 1570556814359452000
2147485702 1570556814436561000
2147483901 1570556806854156000
2147483972 1570556807286780000
2147484745 1570556810189999000
2147484764 1570556810277905000
2147485065 1570556811689505000
2147485147 1570556812367695000
2147485157 1570556812373339000
2147485620 1570556814138051000
2147483754 1570556806036776000
2147483834 1570556806422397000
2147483875 1570556806732370000
2147484087 1570556807782860000
2147484385 1570556809114380000
2147484841 1570556810672542000
2147483886 1570556806737472000
2147484252 1570556808606507000
2147484538 1570556809467064000
2147484648 1570556809786789000
2147485259 1570556812830342000
2147485450 1570556813580845000
2147485169 1570556812498595000
2147485748 1570556814695611000
2147484585 1570556809683103000
2147484688 1570556809945527000
2147485852 1570556815238618000
2147485875 1570556815304461000
2147484100 1570556807823767000
2147484372 1570556809041990000
2147484860 1570556810771275000
2147485138 1570556812285455000
2147485725 1570556814568839000
2147485791 1570556814808491000
2147483786 1570556806178502000
2147483832 1570556806419086000
2147484741 1570556810187552000
2147484878 1570556810820738000
2147485346 1570556813070310000
2147485332 1570556813011331000
2147485422 1570556813477771000
2147483914 1570556806946491000
2147485156 1570556812372783000
2147484565 1570556809569888000
2147485526 1570556813772775000
2147485497 1570556813688142000
2147484336 1570556808922325000
2147484391 1570556809117741000
2147484989 1570556811360385000
2147485044 1570556811604986000
2147485371 1570556813124077000
2147485446 1570556813541455000
2147484261 1570556808664495000
2147484714 1570556810075697000
2147484970 1570556811071168000
2147485684 1570556814362136000
2147483704 1570556805755433000
2147484124 1570556807972362000
2147484138 1570556808096420000
2147485100 1570556812114523000
2147485288 1570556812892315000
2147485549 1570556813898900000
2147484092 1570556807786560000
2147484241 1570556808566076000
2147485291 1570556812894821000
2147485396 1570556813393273000
2147485613 1570556814132532000
2147485807 1570556815001618000
2147483793 1570556806183406000
2147483797 1570556806185743000
2147484033 1570556807578614000
2147484448 1570556809305014000
2147485336 1570556813064601000
2147485454 1570556813583109000
2147483807 1570556806254458000
2147484028 1570556807538491000
2147484781 1570556810337734000
2147485048 1570556811606213000
2147484742 1570556810187697000
2147485258 1570556812829893000
2147483686 1570556805620276000
2147483895 1570556806820598000
2147483926 1570556806991780000
2147484134 1570556808057837000
2147484275 1570556808672849000
2147484323 1570556808852863000
2147485491 1570556813682701000
2147485785 1570556814805466000
2147483998 1570556807435714000
2147484108 1570556807871110000
2147484523 1570556809407339000
2147484681 1570556809904090000
2147484997 1570556811372296000
2147485386 1570556813356475000
2147483898 1570556806821962000
2147484270 1570556808669174000
2147484787 1570556810381011000
2147484828 1570556810664362000
2147485843 1570556815235463000
2147485874 1570556815303731000
2147484515 1570556809398752000
2147485877 1570556815305187000
2147485468 1570556813591102000
2147485809 1570556815038367000
2147484288 1570556808717922000
2147484511 1570556809396408000
2147484727 1570556810099717000
2147484757 1570556810236692000
2147484876 1570556810819849000
2147485448 1570556813545072000
2147483936 1570556807068923000
2147484833 1570556810667470000
2147484181 1570556808249531000
2147484952 1570556811062065000
2147485436 1570556813533795000
2147485621 1570556814152168000
2147485428 1570556813492332000
2147485740 1570556814620951000
2147484411 1570556809185089000
2147484459 1570556809312401000
2147484533 1570556809419802000
2147485025 1570556811521664000
2147485360 1570556813115338000
2147485416 1570556813439895000
2147485168 1570556812498272000
2147485218 1570556812658892000
2147483713 1570556805796317000
2147483956 1570556807171424000
2147484096 1570556807788394000
2147484324 1570556808853853000
2147484505 1570556809392656000
2147484942 1570556811020917000
2147485651 1570556814267414000
2147484484 1570556809379984000
2147484812 1570556810523125000
2147485038 1570556811563250000
2147485174 1570556812503064000
2147485224 1570556812664283000
2147484351 1570556809023708000
2147484731 1570556810137947000
2147485193 1570556812568016000
2147485276 1570556812887609000
2147483906 1570556806892500000
2147484031 1570556807575652000
2147484227 1570556808509439000
2147484277 1570556808711008000
2147484540 1570556809467940000
2147484870 1570556810813091000
2147485417 1570556813439898000
2147485571 1570556813946256000
2147485892 1570556815340848000
2147485940 1570556815470730000
2147485479 1570556813647301000
2147485496 1570556813688141000
2147483671 1570556805566891000
2147484283 1570556808715733000
2147484494 1570556809386047000
2147484553 1570556809564435000
2147484845 1570556810712825000
2147484910 1570556810913728000
2147484034 1570556807578621000
2147484256 1570556808662480000
2147484861 1570556810772088000
2147485128 1570556812222512000
2147485140 1570556812320926000
2147485384 1570556813322273000
2147484700 1570556809954608000
2147484899 1570556810866029000
2147485150 1570556812369769000
2147485862 1570556815266058000
2147485887 1570556815336739000
2147483968 1570556807255915000
2147484226 1570556808474202000
2147484190 1570556808257295000
2147485166 1570556812465215000
2147483695 1570556805714610000
2147484203 1570556808323425000
2147483672 1570556805568129000
2147483714 1570556805797184000
2147485308 1570556812903869000
2147485518 1570556813767619000
2147483909 1570556806940541000
2147484696 1570556809953394000
2147485183 1570556812506730000
2147484161 1570556808198504000
2147484229 1570556808512090000
2147484534 1570556809419991000
2147485537 1570556813825669000
2147485776 1570556814799785000
2147484212 1570556808372553000
2147484678 1570556809899168000
2147485295 1570556812897736000
2147485752 1570556814708929000
2147484228 1570556808510166000
2147484710 1570556810037890000
2147484954 1570556811062715000
2147485461 1570556813587719000
2147483757 1570556806038876000
2147484123 1570556807940494000
2147484315 1570556808849734000
2147484317 1570556808850989000
2147484367 1570556809036529000
2147484906 1570556810873414000
2147484131 1570556808055656000
2147484235 1570556808532434000
2147484623 1570556809742823000
2147485008 1570556811462243000
2147485606 1570556814091095000
2147485860 1570556815242576000
2147483975 1570556807293172000
2147484073 1570556807739591000
2147484752 1570556810234075000
2147484873 1570556810816275000
2147485211 1570556812654192000
2147485443 1570556813538426000
2147485919 1570556815405933000
2147484051 1570556807620351000
2147484562 1570556809568405000
2147484640 1570556809782616000
2147484864 1570556810773836000
2147485376 1570556813198480000
2147485421 1570556813442374000
2147484306 1570556808807754000
2147484566 1570556809571565000
2147484959 1570556811067048000
2147483856 1570556806572879000
2147483969 1570556807256538000
2147485412 1570556813438347000
2147484936 1570556811014131000
2147483872 1570556806725374000
2147484257 1570556808663072000
2147484467 1570556809334182000
2147484490 1570556809383696000
2147484638 1570556809780595000
2147484794 1570556810395299000
2147483697 1570556805716923000
2147484109 1570556807900974000
2147484396 1570556809120184000
2147484200 1570556808319867000
2147485222 1570556812661413000
2147483792 1570556806183239000
2147483899 1570556806821963000
2147484012 1570556807526904000
2147484687 1570556809945082000
2147485131 1570556812224163000
2147485305 1570556812902551000
2147483989 1570556807401238000
2147484810 1570556810489277000
2147485528 1570556813774495000
2147485905 1570556815372886000
2147484121 1570556807938425000
2147484141 1570556808102400000
2147484451 1570556809309161000
2147485058 1570556811654735000
2147485937 1570556815444391000
2147483775 1570556806136453000
2147484047 1570556807587584000
2147484179 1570556808247606000
2147485086 1570556811856986000
2147485564 1570556813905931000
2147485780 1570556814803050000
2147484691 1570556809947863000
2147484847 1570556810716595000
2147485020 1570556811519971000
2147485200 1570556812609222000
2147485429 1570556813493646000
2147485013 1570556811482754000
2147485283 1570556812890099000
2147485480 1570556813647647000
2147484452 1570556809309165000
2147484584 1570556809683102000
2147484834 1570556810667508000
2147485507 1570556813725985000
2147485926 1570556815436547000
2147484571 1570556809610466000
2147485609 1570556814094741000
2147485949 1570556815495791000
2147484172 1570556808206321000
2147484775 1570556810334412000
2147485683 1570556814360877000
2147485802 1570556814987924000
2147484008 1570556807495248000
2147484114 1570556807905305000
2147484568 1570556809572029000
2147485064 1570556811688953000
2147485835 1570556815208386000
